# JRE version: OpenJDK Runtime Environment (12.0.2+10) (build 12.0.2+10)
# Java VM: OpenJDK 64-Bit Server VM (12.0.2+10, mixed mode, sharing, tiered, compressed oops, g1 gc, windows-amd64)
Heap:
 garbage-first heap   total 262144K, used 25128K [0x0000000700a00000, 0x0000000800000000)
  region size 1024K, 26 young (26624K), 4 survivors (4096K)
 Metaspace       used 7281K, capacity 7689K, committed 7936K, reserved 1056768K
  class space    used 776K, capacity 920K, committed 1024K, reserved 1048576K
GC Heap History (6 events):
Event: 0.541 GC heap before
{Heap before GC invocations=0 (full 0):
 garbage-first heap   total 262144K, used 23552K [0x0000000700a00000, 0x0000000800000000)
  region size 1024K, 24 young (24576K), 0 survivors (0K)
 Metaspace       used 5001K, capacity 6133K, committed 6272K, reserved 1056768K
  class space    used 500K, capacity 640K, committed 640K, reserved 1048576K
}
Event: 0.544 GC heap after
{Heap after GC invocations=1 (full 0):
 garbage-first heap   total 262144K, used 2298K [0x0000000700a00000, 0x0000000800000000)
  region size 1024K, 3 young (3072K), 3 survivors (3072K)
 Metaspace       used 5001K, capacity 6133K, committed 6272K, reserved 1056768K
  class space    used 500K, capacity 640K, committed 640K, reserved 1048576K
}
Event: 2.680 GC heap before
{Heap before GC invocations=1 (full 0):
 garbage-first heap   total 262144K, used 155898K [0x0000000700a00000, 0x0000000800000000)
  region size 1024K, 153 young (156672K), 3 survivors (3072K)
 Metaspace       used 7114K, capacity 7545K, committed 7680K, reserved 1056768K
  class space    used 765K, capacity 915K, committed 1024K, reserved 1048576K
}
Event: 2.684 GC heap after
{Heap after GC invocations=2 (full 0):
 garbage-first heap   total 262144K, used 3388K [0x0000000700a00000, 0x0000000800000000)
  region size 1024K, 4 young (4096K), 4 survivors (4096K)
 Metaspace       used 7114K, capacity 7545K, committed 7680K, reserved 1056768K
  class space    used 765K, capacity 915K, committed 1024K, reserved 1048576K
}
Event: 3.982 GC heap before
{Heap before GC invocations=2 (full 0):
 garbage-first heap   total 262144K, used 155964K [0x0000000700a00000, 0x0000000800000000)
  region size 1024K, 153 young (156672K), 4 survivors (4096K)
 Metaspace       used 7271K, capacity 7689K, committed 7936K, reserved 1056768K
  class space    used 774K, capacity 920K, committed 1024K, reserved 1048576K
}
Event: 3.985 GC heap after
{Heap after GC invocations=3 (full 0):
 garbage-first heap   total 262144K, used 3624K [0x0000000700a00000, 0x0000000800000000)
  region size 1024K, 4 young (4096K), 4 survivors (4096K)
 Metaspace       used 7271K, capacity 7689K, committed 7936K, reserved 1056768K
  class space    used 774K, capacity 920K, committed 1024K, reserved 1048576K
}

